<?xml version="1.0" encoding="UTF-8"?>
<!-- Generated by org.testng.reporters.JUnitXMLReporter -->
<testsuite ignored="8" hostname="DESKTOP-SPJM3B5" failures="0" tests="2" name="Regression" time="28.283" errors="0" timestamp="2023-03-29T14:53:56 IST">
  <testcase classname="com.keka.testcases.LoginPageTest" name="loginTest" time="8.724"/>
  <testcase classname="com.keka.testcases.HomePageTest" name="validateProfileColor" time="9.54"/>
  <testcase classname="com.keka.base.BaseClass" name="@BeforeSuite loadConfig" time="0.0">
    <ignored/>
  </testcase> <!-- @BeforeSuite loadConfig -->
  <testcase classname="com.keka.testcases.OrgPageTest" name="validateEmployeeDirectoryPage" time="0.0">
    <ignored/>
  </testcase> <!-- validateEmployeeDirectoryPage -->
  <testcase classname="com.keka.base.BaseClass" name="@AfterSuite afterSuite" time="0.0">
    <ignored/>
  </testcase> <!-- @AfterSuite afterSuite -->
  <testcase classname="com.keka.base.BaseClass" name="@BeforeSuite loadConfig" time="0.0">
    <ignored/>
  </testcase> <!-- @BeforeSuite loadConfig -->
  <testcase classname="com.keka.testcases.MyFinancePageTest" name="validateSummaryPage" time="0.0">
    <ignored/>
  </testcase> <!-- validateSummaryPage -->
  <testcase classname="com.keka.base.BaseClass" name="@AfterSuite afterSuite" time="0.0">
    <ignored/>
  </testcase> <!-- @AfterSuite afterSuite -->
  <testcase classname="com.keka.base.BaseClass" name="@BeforeSuite loadConfig" time="0.0">
    <ignored/>
  </testcase> <!-- @BeforeSuite loadConfig -->
  <testcase classname="com.keka.base.BaseClass" name="@AfterSuite afterSuite" time="0.0">
    <ignored/>
  </testcase> <!-- @AfterSuite afterSuite -->
</testsuite> <!-- Regression -->
