<?xml version="1.0" encoding="UTF-8"?>
<!-- Generated by org.testng.reporters.JUnitXMLReporter -->
<testsuite ignored="2" hostname="DESKTOP-SPJM3B5" failures="0" tests="2" name="Smoke" time="30.615" errors="0" timestamp="2023-03-31T17:36:17 IST">
  <testcase classname="com.keka.testcases.LoginPageTest" name="loginTest" time="8.769"/>
  <testcase classname="com.keka.testcases.HomePageTest" name="validateProfileColor" time="12.892"/>
  <testcase classname="com.keka.base.BaseClass" name="@BeforeSuite loadConfig" time="0.0">
    <ignored/>
  </testcase> <!-- @BeforeSuite loadConfig -->
  <testcase classname="com.keka.base.BaseClass" name="@AfterSuite afterSuite" time="0.0">
    <ignored/>
  </testcase> <!-- @AfterSuite afterSuite -->
</testsuite> <!-- Smoke -->
