<?xml version="1.0" encoding="UTF-8"?>
<!-- Generated by org.testng.reporters.JUnitXMLReporter -->
<testsuite ignored="6" hostname="DESKTOP-SPJM3B5" failures="0" tests="4" name="Test_All" time="90.912" errors="0" timestamp="2023-03-10T11:35:25 IST">
  <testcase classname="com.keka.testcases.LoginPageTest" name="loginTest" time="9.305"/>
  <testcase classname="com.keka.testcases.HomePageTest" name="validateProfileColor" time="9.649"/>
  <testcase classname="com.keka.testcases.MyFinancePageTest" name="validateSummaryPage" time="8.539"/>
  <testcase classname="com.keka.testcases.OrgPageTest" name="validateEmployeeDirectoryPage" time="17.483"/>
  <testcase classname="com.keka.base.BaseClass" name="@AfterSuite afterSuite" time="0.0">
    <ignored/>
  </testcase> <!-- @AfterSuite afterSuite -->
  <testcase classname="com.keka.base.BaseClass" name="@AfterSuite afterSuite" time="0.0">
    <ignored/>
  </testcase> <!-- @AfterSuite afterSuite -->
  <testcase classname="com.keka.base.BaseClass" name="@AfterSuite afterSuite" time="0.0">
    <ignored/>
  </testcase> <!-- @AfterSuite afterSuite -->
  <testcase classname="com.keka.base.BaseClass" name="@BeforeSuite loadConfig" time="0.0">
    <ignored/>
  </testcase> <!-- @BeforeSuite loadConfig -->
  <testcase classname="com.keka.base.BaseClass" name="@BeforeSuite loadConfig" time="0.0">
    <ignored/>
  </testcase> <!-- @BeforeSuite loadConfig -->
  <testcase classname="com.keka.base.BaseClass" name="@BeforeSuite loadConfig" time="0.0">
    <ignored/>
  </testcase> <!-- @BeforeSuite loadConfig -->
</testsuite> <!-- Test_All -->
