<?xml version="1.0" encoding="UTF-8"?>
<testng-results ignored="0" total="3" passed="3" failed="0" skipped="0">
  <reporter-output>
  </reporter-output>
  <suite started-at="2023-04-03T17:19:07 IST" name="CrossBrowser" finished-at="2023-04-03T17:19:30 IST" duration-ms="22071">
    <groups>
      <group name="Sanity">
        <method signature="LoginPageTest.loginTest(java.lang.String,java.lang.String)[pri:0, instance:com.keka.testcases.LoginPageTest@3aa078fd]" name="loginTest" class="com.keka.testcases.LoginPageTest"/>
        <method signature="LoginPageTest.loginTest(java.lang.String,java.lang.String)[pri:0, instance:com.keka.testcases.LoginPageTest@17503f6b]" name="loginTest" class="com.keka.testcases.LoginPageTest"/>
        <method signature="LoginPageTest.loginTest(java.lang.String,java.lang.String)[pri:0, instance:com.keka.testcases.LoginPageTest@36804139]" name="loginTest" class="com.keka.testcases.LoginPageTest"/>
      </group> <!-- Sanity -->
      <group name="Regression">
        <method signature="LoginPageTest.loginTest(java.lang.String,java.lang.String)[pri:0, instance:com.keka.testcases.LoginPageTest@3aa078fd]" name="loginTest" class="com.keka.testcases.LoginPageTest"/>
        <method signature="LoginPageTest.loginTest(java.lang.String,java.lang.String)[pri:0, instance:com.keka.testcases.LoginPageTest@17503f6b]" name="loginTest" class="com.keka.testcases.LoginPageTest"/>
        <method signature="LoginPageTest.loginTest(java.lang.String,java.lang.String)[pri:0, instance:com.keka.testcases.LoginPageTest@36804139]" name="loginTest" class="com.keka.testcases.LoginPageTest"/>
      </group> <!-- Regression -->
      <group name="Smoke">
        <method signature="LoginPageTest.loginTest(java.lang.String,java.lang.String)[pri:0, instance:com.keka.testcases.LoginPageTest@3aa078fd]" name="loginTest" class="com.keka.testcases.LoginPageTest"/>
        <method signature="LoginPageTest.loginTest(java.lang.String,java.lang.String)[pri:0, instance:com.keka.testcases.LoginPageTest@17503f6b]" name="loginTest" class="com.keka.testcases.LoginPageTest"/>
        <method signature="LoginPageTest.loginTest(java.lang.String,java.lang.String)[pri:0, instance:com.keka.testcases.LoginPageTest@36804139]" name="loginTest" class="com.keka.testcases.LoginPageTest"/>
      </group> <!-- Smoke -->
    </groups>
    <test started-at="2023-04-03T17:19:07 IST" name="ChromeTest" finished-at="2023-04-03T17:19:29 IST" duration-ms="21291">
      <class name="com.keka.testcases.LoginPageTest">
        <test-method is-config="true" signature="setup(java.lang.String)[pri:0, instance:com.keka.testcases.LoginPageTest@3aa078fd]" started-at="2023-04-03T17:19:08 IST" name="setup" finished-at="2023-04-03T17:19:16 IST" duration-ms="7910" status="PASS">
          <params>
            <param index="0">
              <value>
                <![CDATA[Chrome]]>
              </value>
            </param>
          </params>
          <reporter-output>
          </reporter-output>
        </test-method> <!-- setup -->
        <test-method signature="loginTest(java.lang.String,java.lang.String)[pri:0, instance:com.keka.testcases.LoginPageTest@3aa078fd]" started-at="2023-04-03T17:19:16 IST" name="loginTest" data-provider="credentials" finished-at="2023-04-03T17:19:28 IST" duration-ms="12062" status="PASS">
          <params>
            <param index="0">
              <value>
                <![CDATA[rakhi.r@techversantinfotech.com]]>
              </value>
            </param>
            <param index="1">
              <value>
                <![CDATA[Ayaan@123]]>
              </value>
            </param>
          </params>
          <reporter-output>
          </reporter-output>
        </test-method> <!-- loginTest -->
        <test-method is-config="true" signature="tearDown()[pri:0, instance:com.keka.testcases.LoginPageTest@3aa078fd]" started-at="2023-04-03T17:19:28 IST" name="tearDown" finished-at="2023-04-03T17:19:29 IST" duration-ms="320" status="PASS">
          <reporter-output>
          </reporter-output>
        </test-method> <!-- tearDown -->
      </class> <!-- com.keka.testcases.LoginPageTest -->
    </test> <!-- ChromeTest -->
    <test started-at="2023-04-03T17:19:07 IST" name="FirefoxTest" finished-at="2023-04-03T17:19:29 IST" duration-ms="21570">
      <class name="com.keka.testcases.LoginPageTest">
        <test-method is-config="true" signature="setup(java.lang.String)[pri:0, instance:com.keka.testcases.LoginPageTest@17503f6b]" started-at="2023-04-03T17:19:08 IST" name="setup" finished-at="2023-04-03T17:19:17 IST" duration-ms="9033" status="PASS">
          <params>
            <param index="0">
              <value>
                <![CDATA[Firefox]]>
              </value>
            </param>
          </params>
          <reporter-output>
          </reporter-output>
        </test-method> <!-- setup -->
        <test-method signature="loginTest(java.lang.String,java.lang.String)[pri:0, instance:com.keka.testcases.LoginPageTest@17503f6b]" started-at="2023-04-03T17:19:17 IST" name="loginTest" data-provider="credentials" finished-at="2023-04-03T17:19:27 IST" duration-ms="9940" status="PASS">
          <params>
            <param index="0">
              <value>
                <![CDATA[rakhi.r@techversantinfotech.com]]>
              </value>
            </param>
            <param index="1">
              <value>
                <![CDATA[Ayaan@123]]>
              </value>
            </param>
          </params>
          <reporter-output>
          </reporter-output>
        </test-method> <!-- loginTest -->
        <test-method is-config="true" signature="tearDown()[pri:0, instance:com.keka.testcases.LoginPageTest@17503f6b]" started-at="2023-04-03T17:19:27 IST" name="tearDown" finished-at="2023-04-03T17:19:29 IST" duration-ms="1803" status="PASS">
          <reporter-output>
          </reporter-output>
        </test-method> <!-- tearDown -->
      </class> <!-- com.keka.testcases.LoginPageTest -->
    </test> <!-- FirefoxTest -->
    <test started-at="2023-04-03T17:19:07 IST" name="EdgeTest" finished-at="2023-04-03T17:19:30 IST" duration-ms="22066">
      <class name="com.keka.testcases.LoginPageTest">
        <test-method is-config="true" signature="loadConfig()[pri:0, instance:com.keka.testcases.LoginPageTest@36804139]" started-at="2023-04-03T17:19:07 IST" name="loadConfig" finished-at="2023-04-03T17:19:07 IST" duration-ms="170" status="PASS">
          <reporter-output>
          </reporter-output>
        </test-method> <!-- loadConfig -->
        <test-method is-config="true" signature="setup(java.lang.String)[pri:0, instance:com.keka.testcases.LoginPageTest@36804139]" started-at="2023-04-03T17:19:08 IST" name="setup" finished-at="2023-04-03T17:19:17 IST" duration-ms="8442" status="PASS">
          <params>
            <param index="0">
              <value>
                <![CDATA[Edge]]>
              </value>
            </param>
          </params>
          <reporter-output>
          </reporter-output>
        </test-method> <!-- setup -->
        <test-method signature="loginTest(java.lang.String,java.lang.String)[pri:0, instance:com.keka.testcases.LoginPageTest@36804139]" started-at="2023-04-03T17:19:17 IST" name="loginTest" data-provider="credentials" finished-at="2023-04-03T17:19:29 IST" duration-ms="12494" status="PASS">
          <params>
            <param index="0">
              <value>
                <![CDATA[rakhi.r@techversantinfotech.com]]>
              </value>
            </param>
            <param index="1">
              <value>
                <![CDATA[Ayaan@123]]>
              </value>
            </param>
          </params>
          <reporter-output>
          </reporter-output>
        </test-method> <!-- loginTest -->
        <test-method is-config="true" signature="tearDown()[pri:0, instance:com.keka.testcases.LoginPageTest@36804139]" started-at="2023-04-03T17:19:29 IST" name="tearDown" finished-at="2023-04-03T17:19:30 IST" duration-ms="352" status="PASS">
          <reporter-output>
          </reporter-output>
        </test-method> <!-- tearDown -->
        <test-method is-config="true" signature="afterSuite()[pri:0, instance:com.keka.testcases.LoginPageTest@36804139]" started-at="2023-04-03T17:19:30 IST" name="afterSuite" finished-at="2023-04-03T17:19:30 IST" duration-ms="352" status="PASS">
          <reporter-output>
          </reporter-output>
        </test-method> <!-- afterSuite -->
      </class> <!-- com.keka.testcases.LoginPageTest -->
    </test> <!-- EdgeTest -->
  </suite> <!-- CrossBrowser -->
</testng-results>
